<?xml version="1.0" encoding="UTF-8"?>
<!-- Generated by org.testng.reporters.JUnitReportReporter -->
<testsuite hostname="DESKTOP-7ACROHK" failures="0" tests="8" name="rest_assured_testing.TestGetApiDemo" time="9.695" errors="0" timestamp="2022-05-11T10:08:33 IST" skipped="0">
  <testcase classname="rest_assured_testing.TestGetApiDemo" name="test7" time="0.920"/>
  <system-out/>
  <testcase classname="rest_assured_testing.TestGetApiDemo" name="test0" time="3.040"/>
  <system-out/>
  <testcase classname="rest_assured_testing.TestGetApiDemo" name="test3" time="0.971"/>
  <system-out/>
  <testcase classname="rest_assured_testing.TestGetApiDemo" name="test1" time="0.951"/>
  <system-out/>
  <testcase classname="rest_assured_testing.TestGetApiDemo" name="test6" time="0.918"/>
  <system-out/>
  <testcase classname="rest_assured_testing.TestGetApiDemo" name="test5" time="0.999"/>
  <system-out/>
  <testcase classname="rest_assured_testing.TestGetApiDemo" name="test4" time="0.962"/>
  <system-out/>
  <testcase classname="rest_assured_testing.TestGetApiDemo" name="test2" time="0.934"/>
  <system-out/>
</testsuite> <!-- rest_assured_testing.TestGetApiDemo -->
